<?xml version="1.0" encoding="UTF-8"?>
<testng-results ignored="0" total="1" passed="1" failed="0" skipped="0">
  <reporter-output>
  </reporter-output>
  <suite started-at="2022-03-13T23:22:57 BDT" name="Default suite" finished-at="2022-03-13T23:23:21 BDT" duration-ms="23538">
    <groups>
    </groups>
    <test started-at="2022-03-13T23:22:57 BDT" name="Default test" finished-at="2022-03-13T23:23:21 BDT" duration-ms="23538">
      <class name="tests.Login">
        <test-method is-config="true" signature="start()[pri:0, instance:tests.Login@66434cc8]" started-at="2022-03-13T23:22:57 BDT" name="start" finished-at="2022-03-13T23:23:04 BDT" duration-ms="6857" status="PASS">
          <reporter-output>
          </reporter-output>
        </test-method> <!-- start -->
        <test-method signature="loginTest()[pri:0, instance:tests.Login@66434cc8]" started-at="2022-03-13T23:23:04 BDT" name="loginTest" finished-at="2022-03-13T23:23:21 BDT" duration-ms="16567" status="PASS">
          <reporter-output>
          </reporter-output>
        </test-method> <!-- loginTest -->
      </class> <!-- tests.Login -->
    </test> <!-- Default test -->
  </suite> <!-- Default suite -->
</testng-results>
